"Kim Jong Un is too smart and has far too much to lose, everything actually, if he acts in a hostile way. He signed a strong Denuclearization Agreement with me in Singapore. He does not want to void his special relationship with the President of the United States or interfere.... https://t.co/THfOjfB2uE"
To think I signed the Whistleblower Protection Act! https://t.co/OSmPPcRs7x
"RT @Scavino45: On Thursday, 11/7/2019, the President signed into law:
"RT @WhiteHouse: Since President @realDonaldTrump signed the First Step Act into law, 10 states have passed legislation to advance criminal…"
"RT @WhiteHouse: Last year, President @realDonaldTrump signed the First Step Act into law—the most significant criminal justice reform in ma…"
"Guatemala, Honduras &amp; El Salvador have all signed historic Asylum Cooperation Agreements and are working to end the scourge of human smuggling. To further accelerate this progress, the U.S. will shortly be approving targeted assistance in the areas of law enforcement &amp; security."
"My deal with China is that they will IMMEDIATELY start buying very large quantities of our Agricultural Product, not wait until the deal is signed over the next 3 or 4 weeks. THEY HAVE ALREADY STARTED! Likewise financial services and other deal aspects, start preparing...."
"....I agreed not to increase Tariffs from 25% to 30% on October 15th. They will remain at 25%. The relationship with China is very good. We will finish out the large Phase One part of the deal, then head directly into Phase Two. The Phase One Deal can be finalized &amp; signed soon!"
"President Obama said that he did not have the right to sign DACA, that it will never hold up in court. He signed it anyway! If the Supreme Court upholds DACA, it gives the President extraordinary powers, far greater than ever thought. If they do what is right and do not let......"
"RT @WhiteHouse: President @realDonaldTrump just signed two new trade agreements with Japan, changing the game for American farmers and ranc…"
"RT @IvankaTrump: Today the USA and Japan signed 2 new trade agreements 🇺🇸 🇯🇵
"I want to congratulate @senatemajldr Mitch McConnell and all Republicans. Today I signed the 160th Federal Judge to the Bench. Within a short period of time we will be at over 200 Federal Judges, including many in the Appellate Courts &amp; two great new U.S. Supreme Court Justices!"
"DACA will be going before the Supreme Court. It is a document that even President Obama didn’t feel he had the legal right to sign - he signed it anyway! Rest assured that if the SC does what all say it must, based on the law, a bipartisan deal will be made to the benefit of all!"
"....President Obama never had the legal right to sign DACA, and he indicated so at the time of signing. But In any event, how can he have the right to sign and I don’t have the right to “unsigned.” Totally illegal document which would actually give the President new powers."
"At the request of Senator Thom Tillis, I am getting the North Carolina Emergency Declaration completed and signed tonight. Hope you won’t need it!"
"RT @realDonaldTrump: ....for the most ridiculous claim of all, that Russia, Russia, Russia, or Russian oligarchs, co-signed loan documents…"
"....for the most ridiculous claim of all, that Russia, Russia, Russia, or Russian oligarchs, co-signed loan documents for me, a guarantee. Totally false, as is virtually everything else he, and much of the rest of the LameStream Media, has said about me for years. ALL APOLOGIZE!"
"RT @WhiteHouse: President @realDonaldTrump has signed the LEGION Act, allowing the @AmericanLegion to extend benefits to 6 million addition…"
"Kim Jong Un and North Korea tested 3 short range missiles over the last number of days. These missiles tests are not a violation of our signed Singapore agreement, nor was there discussion of short range missiles when we shook hands. There may be a United Nations violation, but.."
"RT @WhiteHouse: President Trump signed into law the permanent authorization of the 9/11 Victim Compensation Fund, which provides financial…"
"RT @GOPChairwoman: The mainstream media won't cover it nearly enough, but thanks to the #FirstStepAct that @realDonaldTrump signed into law…"
"My Administration is taking groundbreaking action to bring new hope to millions of Americans suffering from kidney disease. Today I signed an Executive Order, Advancing American Kidney Health...https://t.co/tAlFdDSTUU"
"Florida Governor Ron DeSantis just signed Bill banning Sanctuary Cities in State, &amp; forcing all law enforcement agencies to cooperate with Federal Immigration authorities. Bill prohibits local Gov’t from enacting Sanctuary policies that protect undocumented immigrants...@FoxNews"
"On my way to Iowa - just heard nearly 1,000 agriculture groups signed a letter urging Congress to approve the USMCA. Our Patriot Farmers &amp; rural America have spoken! Now Congress must do its job &amp; support these great men and women by passing the bipartisan USMCA Trade Agreement!"
"We have fully signed and documented another very important part of the Immigration and Security deal with Mexico, one that the U.S. has been asking about getting for many years. It will be revealed in the not too distant future and will need a vote by Mexico’s Legislative body!.."
"Another false report in the Failing  @nytimes. We have been trying to get some of these Border Actions for a long time, as have other administrations, but were not able to get them, or get them in full, until our signed agreement with Mexico. Additionally, and for many years,...."
RT @realDonaldTrump: I am pleased to inform you that The United States of America has reached a signed agreement with Mexico. The Tariffs s…
"I am pleased to inform you that The United States of America has reached a signed agreement with Mexico. The Tariffs scheduled to be implemented by the U.S. on Monday, against Mexico, are hereby indefinitely suspended. Mexico, in turn, has agreed to take strong measures to...."
"I am pleased to inform you that The United States of America has reached a signed agreement with Mexico. The Tariffs scheduled to be implemented by the U.S. on Monday, against Mexico, are hereby indefinitely suspended. Mexico, in turn, has agreed to take strong measures to......"
"Just signed Disaster Aid Bill to help Americans who have been hit by recent catastrophic storms. So important for our GREAT American farmers and ranchers. Help for GA, FL, IA, NE, NC, and CA. Puerto Rico should love President Trump. Without me, they would have been shut out! https://t.co/HXvYYdcNW5"
RT @TomFitton: SPYGATE CRIMES: Nadler abuse targeting AG Barr and @RealDonaldTrump designed to distract from the fact that the DNC/Dem Part…
"RT @JudicialWatch: JW President @TomFitton discusses Clinton’s memo: ""She signed a memo saying ‘due to recent targeting of personal email a…"
Just signed a critical bill to formalize drought contingency plans for the Colorado River. Thanks to @SenMcSallyAZ for getting it done. Big deal for Arizona!
"Today, it was my great honor to welcome Prime Minister @Netanyahu of Israel back to the @WhiteHouse where I signed a Presidential Proclamation recognizing Israel’s sovereignty over the Golan Heights. Read more: https://t.co/yAAyR2Hxe4 https://t.co/gWp6nwRwsY"
RT @williamcraddick: Russiagate was designed in part to help the UK counter Russian influence by baiting the United States into taking a ha…
"RT @WhiteHouse: Today, President @realDonaldTrump signed the John D. Dingell, Jr. Conservation, Management, and Recreation Act, which prote…"
The Wall is being built and is well under construction. Big impact will be made. Many additional contracts are close to being signed. Far ahead of schedule despite all of the Democrat Obstruction and Fake News!
"Just a few moments ago, I signed an EO addressing one of our nation’s most heartbreaking tragedies: VETERANS SUICIDE. To every Veteran—I want you to know that you have an entire nation of more than 300 million people behind you. You will NEVER be forgotten.https://t.co/DKxiV5Ku3B"
A low level staffer that I hardly knew named Cliff Sims wrote yet another boring book based on made up stories and fiction. He pretended to be an insider when in fact he was nothing more than a gofer. He signed a non-disclosure agreement. He is a mess!
"RT @GOPChairwoman: It didn't get the attention it deserved, but @realDonaldTrump recently signed a bill into law that will empower women al…"
"I often said during rallies, with little variation, that “Mexico will pay for the Wall.” We have just signed a great new Trade Deal with Mexico. It is Billions of Dollars a year better than the very bad NAFTA deal which it replaces. The difference pays for Wall many times over!"
"We signed two pieces of major legislation this week, Criminal Justice Reform and the Farm Bill. These are two Big Deals, but all the Fake News Media wants to talk about is “the mistake” of bringing our young people back home from the Never Ending Wars. It all began 19 years ago!"
"Brett McGurk, who I do not know, was appointed by President Obama in 2015. Was supposed to leave in February but he just resigned prior to leaving. Grandstander? The Fake News is making such a big deal about this nothing event!"
".....on a Border is only effective in conjunction with a Wall. Properly designed and built Walls work, and the Democrats are lying when they say they don’t. In Israel the Wall is 99.9% successful. Will not be any different on our Southern Border! Hundreds of $Billions saved!"
"When I begrudgingly signed the Omnibus Bill, I was promised the Wall and Border Security by leadership. Would be done by end of year (NOW). It didn’t happen! We foolishly fight for Border Security for other countries - but not for our beloved U.S.A. Not good!"
"...sleazebag AG Eric Schneiderman, who has since resigned over horrific women abuse, when I wanted to close the Foundation so as not to be in conflict with politics. Shady Eric was head of New Yorkers for Clinton, and refused to even look at the corrupt Clinton Foundation......"
"The Democrats, are saying loud and clear that they do not want to build a Concrete Wall - but we are not building a Concrete Wall, we are building artistically designed steel slats, so that you can easily see through it...."
"On 245  occasions, former FBI Director James Comey told House investigators he didn’t know, didn’t recall, or couldn’t remember things when asked. Opened investigations on 4 Americans (not 2) - didn’t know who signed off and didn’t know Christopher Steele. All lies!"
"....Foundation be listed at the top of the Report? Will the scathing document written about Lyin’ James Comey, by the man in charge of the case, Rod Rosenstein (who also signed the FISA Warrant), be a big part of the Report? Isn’t Rod therefore totally conflicted? Will all of...."
"Just signed one of the most important, and largest, Trade Deals in U.S. and World History. The United States, Mexico and Canada worked so well together in crafting this great document. The terrible NAFTA will soon be gone. The USMCA will be fantastic for all!"
"Last year, I signed the landmark VA Accountability Act to ensure those who mistreat our Veterans can be held fully accountable. Since my inauguration, we have removed more than 3,600 government employees who were not giving our Vets the care they deserve.... https://t.co/KqWXXt7D4U"
"“Federal Judge throws out Stormy Danials lawsuit versus Trump. Trump is entitled to full legal fees.” @FoxNews Great, now I can go after Horseface and her 3rd rate lawyer in the Great State of Texas. She will confirm the letter she signed! She knows nothing about me, a total con!"
"....Remember, NAFTA was one of the WORST Trade Deals ever made. The U.S. lost thousands of businesses and millions of jobs. We were far better off before NAFTA - should never have been signed. Even the Vat Tax was not accounted for. We make new deal or go back to pre-NAFTA!"
"....Donald Trump, and now we find out that there wasn’t even a hearing - that Donald Trump’s 4th Amendment right to privacy was signed away...and someone in there is swearing that this stuff is true, when it wasn’t? This is the scandal here - a police state.”  Dan Bongino"
Wacky Omarosa already has a fully signed Non-Disclosure Agreement!
".....”Carter Page wasn’t a spy, wasn’t an agent of the Russians - he would have cooperated with the FBI. It was a fraud and a hoax designed to target Trump.” Tom Fitton @JudicialWatch A disgrace to America. They should drop the discredited Mueller Witch Hunt now!"
“It was classified to cover up misconduct by the FBI and the Justice Department in misleading the Court by using this Dossier in a dishonest way to gain a warrant to target the Trump Team. This is a Clinton Campaign document. It was a fraud and a hoax designed to target Trump....
"Andrew McCarthy - “I said this could never happen. This is so bad that they should be looking at the judges who signed off on this stuff, not just the people who gave it. It is so bad it screams out at you.”  On the whole FISA scam which led to the rigged Mueller Witch Hunt!"
"I have confidence that Kim Jong Un will honor the contract we signed &amp;, even more importantly, our handshake. We agreed to the denuclearization of North Korea. China, on the other hand, may be exerting negative pressure on a deal because of our posture on Chinese Trade-Hope Not!"
"....Schneiderman, who ran the Clinton campaign in New York, never had the guts to bring this ridiculous case, which lingered in their office for almost 2 years. Now he resigned his office in disgrace, and his disciples brought it when we would not settle."
"With the #RightToTry Law I signed today, patients with life threatening illnesses will finally have access to experimental treatments that could improve or even cure their conditions. These are experimental treatments and products that have shown great promise... https://t.co/FIUwhpUpoL"
"Big legislation will be signed by me shortly. After many years, RIGHT TO TRY and big changes to DODD FRANK."
"...despite already having signed a detailed letter admitting that there was no affair. Prior to its violation by Ms. Clifford and her attorney, this was a private agreement. Money from the campaign, or campaign contributions, played no roll in this transaction."
"Much of the bad blood with Russia is caused by the Fake &amp; Corrupt Russia Investigation, headed up by the all Democrat loyalists, or people that worked for Obama. Mueller is most conflicted of all (except Rosenstein who signed FISA &amp; Comey letter). No Collusion, so they go crazy!"
"As a matter of National Security I've signed the Omnibus Spending Bill. I say to Congress: I will NEVER sign another bill like this again. To prevent this omnibus situation from ever happening again, I'm calling on Congress to give me a line-item veto for all govt spending bills! https://t.co/kYwMk5AE5k"
"We have large trade deficits with Mexico and Canada. NAFTA, which is under renegotiation right now, has been a bad deal for U.S.A. Massive relocation of companies &amp; jobs. Tariffs on Steel and Aluminum will only come off if new &amp; fair NAFTA agreement is signed. Also, Canada must.."
"Just signed Bill. Our Military will now be stronger than ever before. We love and need our Military and gave them everything — and more. First time this has happened in a long time. Also means JOBS, JOBS, JOBS!"
"Thanks to the historic TAX CUTS that I signed into law, your paychecks are going way UP, your taxes are going way DOWN, and America is once again OPEN FOR BUSINESS! https://t.co/GISFbDDGXX"
Just signed 702 Bill to reauthorize foreign intelligence collection. This is NOT the same FISA law that was so wrongly abused during the election. I will always do the right thing for our country and put the safety of the American people first!
"Yesterday, I signed the #INTERDICTAct (H.R. 2142) with bipartisan members of Congress to help end the flow of drugs into our country. Together, we are committed to doing everything we can to combat the deadly scourge of drug addiction and overdose in the United States! https://t.co/ELZvFol5Lo"
"Wow, “FBI lawyer James Baker reassigned,” according to @FoxNews."
"Remember, the most hated part of ObamaCare is the Individual Mandate, which is being terminated under our just signed Tax Cut Bill."
"At the request of the Governor of Texas, I have signed the Disaster Proclamation, which unleashes the full force of government help!"
"Today, I signed the Global War on Terrorism War Memorial Act (#HR873.) The bill authorizes....cont➡️https://t.co/c3zIkdtowc https://t.co/re6n0MS0cj"
"Today in Bedminster I signed the Harry W. Colmery Veterans Educational Assistance Act of 2017, joined by @DeptVetAffairs @SecShulkin. https://t.co/oMUIZ8X7oB"
"Now that Ken Frazier of Merck Pharma has resigned from President's Manufacturing Council,he will have more time to LOWER RIPOFF DRUG PRICES!"
"I've helped pass and signed 38 Legislative Bills, mostly with no Democratic support, and gotten rid of massive amounts of regulations. Nice!"
"...massive regulation cuts, 36 new legislative bills signed, great new S.C.Justice, and Infrastructure, Healthcare and Tax Cuts in works!"
Back from Miami where my Cuban/American friends are very happy with what I signed today. Another campaign promise that I did not forget!
"#ICYMI- On Saturday I signed two EO's to help keep jobs &amp; wealth in our country.
"Today, I signed an Executive Order on Improving Accountability and Whistleblower Protection at the @DeptVetAffairs:… https://t.co/UQ6VNCyhlj"
"Today, I signed an Executive Order on Enforcing Statutory Prohibitions on Federal Control of Education. EO:… https://t.co/YYafFQncbC"
"Today, I signed an Executive Order @ the U.S. Dept. of @Interior: 'Review of Designations Under the Antiquities Act… https://t.co/Eq6JDzMqTY"
"Today, I signed the Holocaust Remembrance Proclamation: https://t.co/762SqgdLMV #ICYMI- My statement last night at… https://t.co/vrqqFDi8En"
"Today I signed the Veterans (OUR HEROES) Choice Program Extension &amp; Improvement Act @ the @WhiteHouse. #S544 
Our country is stagnant. We’ve lost jobs and business. We don’t make things anymore b/c of the bill Hillary’s husband signed and she blessed
"LIMITED EDITION signed copies of my book ""The Art of the Deal"" for your donation of $184 or more. Get YOURS today! https://t.co/wzsE7SoGUG"
"LIMITED EDITION signed copies of my book ""The Art of the Deal"" for your donation of $184 or more. Get YOURS today! https://t.co/pvNwKWlFy1"
"LIMITED EDITION signed copies of my book ""The Art of the Deal"" for your donation of $184 or more.  Get YOURS today! https://t.co/4LnzfKRsqZ"
"LIMITED EDITION signed copies of my book ""The Art of the Deal"" for your donation of $184 or more.  Get YOURS today!  https://t.co/KpVEN635SH"
"LIMITED EDITION signed copies of my book ""The Art of the Deal"" for your donation of $184 or more.  Get YOURS today! https://t.co/NNOM5GANxD"
Word is that Crooked Hillary has very small and unenthusiastic crowds in Pennsylvania. Perhaps it is because her husband signed NAFTA?
Crooked Hillary Clinton has destroyed jobs and manufacturing in Pennsylvania. Against steelworkers and miners. Husband signed NAFTA.
"""@Valdosta_Monkey: @ChrisCuomo @realDonaldTrump  Is Chris serious, lying or misinformed? Bill Clinton signed NAFTA https://t.co/dFDvYQrN1v"""
"""@daybastrop @foxandfriends @BretBaier The liars that signed the pledge and now won't support @realDonaldTrump IS the reason they are losers"
"Remember when the two failed presidential candidates, Lindsey Graham and Jeb Bush, signed a binding PLEDGE? They broke the deal, no honor!"
"Fraud lightweight Marco made a TV ad on TrumpU featuring 2 people who signed these letters: https://t.co/tSpFBn6Rux
"The Republican Establishment has been pushing for lightweight Senator Marco Rubio to say anything to ""hit"" Trump.I signed the pledge-careful"
".@KatyTurNBC, 3rd rate reporter &amp; @SopanDeb @ CBS lied. Finished in normal manner&amp;signed autos for 20min. Dishonest! https://t.co/sCglbQjB3o"
"CRIPPLED AMERICA is the perfect gift for friends &amp; family. Order signed copy &amp; join me at 7:30pm, live streaming! https://t.co/TICkBt5xnH"
"CRIPPLED AMERICA is perfect gift for friends &amp; family. Order signed copy &amp; join me tonite live streaming 7:30 
A signed copy of CRIPPLED AMERICA is the ultimate gift. Order now &amp; join my live streaming book signing on 12/3  https://t.co/TICkBtn8ff
Order signed copy of CRIPPLED AMERICA &amp; submit a question for my live streaming book signing on 12/3 at 7:30 pm.   https://t.co/TICkBt5xnH
"""@HyperbolicX: @realDonaldTrump I just signed up in support of your campaign on your website https://t.co/mq1It15s5b."""
Order a signed copy of CRIPPLED AMERICA &amp; submit a question for my live streaming book signing on 12/3 at 7:30 pm   https://t.co/TICkBt5xnH
A signed copy of CRIPPLED AMERICA makes a great gift. Order &amp; join my live streaming book signing event on 12/3   https://t.co/TICkBt5xnH
Order signed copy of CRIPPLED AMERICA &amp; have opportunity to submit question for my live streaming book signing 12/3 https://t.co/TICkBt5xnH
"I, along with almost everyone else, have so little confidence in President Obama. He has a horrible attitude-a man who is resigned to defeat"
Meet me at @TrumpTowerNY and get your copy of my new book CRIPPLED AMERICA signed on 11/3 at 12pm! https://t.co/9M0C0vc2fv
"""@BBCARKING: @JoeTrippi @realDonaldTrump @scottienhughes Joe have U resigned to the inevitable? Take UR seat on the http://t.co/SIppNYk834"
"In a clumsy move to get out of his ""anchor babies"" dilemma, where he signed that he would not use the term and now uses it, he blamed ASIANS"
"Jeb Bush signed memo saying not to use the term ""anchor babies,"" offensive. Now he wants to use it because I use it. Stay true to yourself!"
"""@pdxnancy: Donald Trump and 2015 / 2016 Considerations... http://t.co/BRwt2jWxsH via @thelastrefuge2~ I just signed up to support Mr. Trump"
Univision wants to back out of signed @MissUniverse contract because I exposed the terrible trade deals that the U.S. makes with Mexico.
"Trump Nat'l Golf Club Philadelphia, 360 beautiful acres as designed by Tom Fazio with views of the Philly skyline.  http://t.co/jha0m0W4Kk"
"Trump Nat'l Golf Club, Philadelphia, is a 360 acre beauty and an award winning Tom Fazio designed course--fantastic! http://t.co/jha0m0W4Kk"
"""@davevin73: @realDonaldTrump You should be president, I signed up for Twitter just to tell you this. A lot of Americans feel the same way"""
"Trump National Golf Club Bedminster, New Jersey, has courses designed by Tom Fazio &amp; 16 acres of practice facilities. http://t.co/4HukFLVHkb"
"Trump National Golf Club, Jupiter, is close to Palm Beach and designed by Jack Nicklaus--a masterpiece of a course. http://t.co/4z0jCH7PmE"
